<?xml version="1.0" encoding="UTF-8"?>
<!-- Generated by org.testng.reporters.JUnitReportReporter -->
<testsuite hostname="INsaikrisv.local" name="com.appium.android.test.ScrollElement" tests="2" failures="0" timestamp="9 Oct 2015 09:17:20 GMT" time="11.231" errors="0">
  <testcase name="scrollToExact" time="6.376" classname="com.appium.android.test.ScrollElement"/>
  <testcase name="scrollElement" time="4.855" classname="com.appium.android.test.ScrollElement"/>
</testsuite> <!-- com.appium.android.test.ScrollElement -->
