<?xml version="1.0" encoding="UTF-8"?>
<!-- Generated by org.testng.reporters.JUnitReportReporter -->
<testsuite hostname="INsaikrisv.local" name="com.appium.android.test.ZoomAndPinch" tests="1" failures="0" timestamp="23 Sep 2015 13:01:50 GMT" time="5.016" errors="1">
  <testcase name="drapAndDropApp" time="5.016" classname="com.appium.android.test.ZoomAndPinch">
    <error type="org.openqa.selenium.WebDriverException" message="ERROR running Appium command: port should be a number or string: false
Command duration or timeout: 7 milliseconds
Build info: version: &#039;2.47.1&#039;, revision: &#039;unknown&#039;, time: &#039;2015-07-30 11:02:44&#039;
System info: host: &#039;INsaikrisv.local&#039;, ip: &#039;192.168.0.105&#039;, os.name: &#039;Mac OS X&#039;, os.arch: &#039;x86_64&#039;, os.version: &#039;10.10.4&#039;, java.version: &#039;1.8.0_51&#039;
Driver info: io.appium.java_client.android.AndroidDriver
Capabilities [{appPackage=com.google.android.apps.maps, networkConnectionEnabled=true, warnings={}, commandTimeout=50, databaseEnabled=false, deviceName=192.168.0.100:5555, platform=LINUX, appActivity=com.google.android.maps.MapsActivity, desired={appPackage=com.google.android.apps.maps, appActivity=com.google.android.maps.MapsActivity, commandTimeout=50, platformVersion=5.0.2, platformName=Android, deviceName=emulator-5554}, platformVersion=5.1.1, webStorageEnabled=false, locationContextEnabled=false, browserName=Android, takesScreenshot=true, javascriptEnabled=true, platformName=Android}]
Session ID: 72a3082e-cfab-43cc-b151-7faa438bcc58">
      <![CDATA[org.openqa.selenium.WebDriverException: ERROR running Appium command: port should be a number or string: false
Command duration or timeout: 7 milliseconds
Build info: version: '2.47.1', revision: 'unknown', time: '2015-07-30 11:02:44'
System info: host: 'INsaikrisv.local', ip: '192.168.0.105', os.name: 'Mac OS X', os.arch: 'x86_64', os.version: '10.10.4', java.version: '1.8.0_51'
Driver info: io.appium.java_client.android.AndroidDriver
Capabilities [{appPackage=com.google.android.apps.maps, networkConnectionEnabled=true, warnings={}, commandTimeout=50, databaseEnabled=false, deviceName=192.168.0.100:5555, platform=LINUX, appActivity=com.google.android.maps.MapsActivity, desired={appPackage=com.google.android.apps.maps, appActivity=com.google.android.maps.MapsActivity, commandTimeout=50, platformVersion=5.0.2, platformName=Android, deviceName=emulator-5554}, platformVersion=5.1.1, webStorageEnabled=false, locationContextEnabled=false, browserName=Android, takesScreenshot=true, javascriptEnabled=true, platformName=Android}]
Session ID: 72a3082e-cfab-43cc-b151-7faa438bcc58
	at sun.reflect.NativeConstructorAccessorImpl.newInstance0(Native Method)
	at sun.reflect.NativeConstructorAccessorImpl.newInstance(NativeConstructorAccessorImpl.java:62)
	at sun.reflect.DelegatingConstructorAccessorImpl.newInstance(DelegatingConstructorAccessorImpl.java:45)
	at java.lang.reflect.Constructor.newInstance(Constructor.java:422)
	at org.openqa.selenium.remote.ErrorHandler.createThrowable(ErrorHandler.java:206)
	at org.openqa.selenium.remote.ErrorHandler.throwIfResponseFailed(ErrorHandler.java:158)
	at org.openqa.selenium.remote.RemoteWebDriver.execute(RemoteWebDriver.java:595)
	at io.appium.java_client.DefaultGenericMobileDriver.execute(DefaultGenericMobileDriver.java:42)
	at io.appium.java_client.AppiumDriver.execute(AppiumDriver.java:1)
	at io.appium.java_client.android.AndroidDriver.execute(AndroidDriver.java:1)
	at io.appium.java_client.AppiumExecutionMethod.execute(AppiumExecutionMethod.java:38)
	at org.openqa.selenium.remote.html5.RemoteLocationContext.setLocation(RemoteLocationContext.java:50)
	at io.appium.java_client.AppiumDriver.setLocation(AppiumDriver.java:584)
	at com.appium.android.test.ZoomAndPinch.drapAndDropApp(ZoomAndPinch.java:55)
	at sun.reflect.NativeMethodAccessorImpl.invoke0(Native Method)
	at sun.reflect.NativeMethodAccessorImpl.invoke(NativeMethodAccessorImpl.java:62)
	at sun.reflect.DelegatingMethodAccessorImpl.invoke(DelegatingMethodAccessorImpl.java:43)
	at java.lang.reflect.Method.invoke(Method.java:497)
	at org.testng.internal.MethodInvocationHelper.invokeMethod(MethodInvocationHelper.java:85)
	at org.testng.internal.Invoker.invokeMethod(Invoker.java:639)
	at org.testng.internal.Invoker.invokeTestMethod(Invoker.java:821)
	at org.testng.internal.Invoker.invokeTestMethods(Invoker.java:1131)
	at org.testng.internal.TestMethodWorker.invokeTestMethods(TestMethodWorker.java:124)
	at org.testng.internal.TestMethodWorker.run(TestMethodWorker.java:108)
	at org.testng.TestRunner.privateRun(TestRunner.java:773)
	at org.testng.TestRunner.run(TestRunner.java:623)
	at org.testng.SuiteRunner.runTest(SuiteRunner.java:357)
	at org.testng.SuiteRunner.runSequentially(SuiteRunner.java:352)
	at org.testng.SuiteRunner.privateRun(SuiteRunner.java:310)
	at org.testng.SuiteRunner.run(SuiteRunner.java:259)
	at org.testng.SuiteRunnerWorker.runSuite(SuiteRunnerWorker.java:52)
	at org.testng.SuiteRunnerWorker.run(SuiteRunnerWorker.java:86)
	at org.testng.TestNG.runSuitesSequentially(TestNG.java:1185)
	at org.testng.TestNG.runSuitesLocally(TestNG.java:1110)
	at org.testng.TestNG.run(TestNG.java:1018)
	at org.testng.remote.RemoteTestNG.run(RemoteTestNG.java:111)
	at org.testng.remote.RemoteTestNG.initAndRun(RemoteTestNG.java:204)
	at org.testng.remote.RemoteTestNG.main(RemoteTestNG.java:175)
]]>
    </error>
  </testcase> <!-- drapAndDropApp -->
</testsuite> <!-- com.appium.android.test.ZoomAndPinch -->
