<?xml version="1.0" encoding="UTF-8"?>
<!-- Generated by org.testng.reporters.JUnitReportReporter -->
<testsuite hostname="INsaikrisv.local" name="com.appium.android.test.DragAndDrop" tests="1" failures="0" timestamp="28 Oct 2015 09:39:00 GMT" time="16.782" errors="0">
  <testcase name="drapAndDropApp" time="16.782" classname="com.appium.android.test.DragAndDrop"/>
</testsuite> <!-- com.appium.android.test.DragAndDrop -->
