<?xml version="1.0" encoding="UTF-8"?>
<!-- Generated by org.testng.reporters.JUnitReportReporter -->
<testsuite hostname="INsaikrisv.local" name="com.appium.android.test.AppiumSwitchApp" tests="3" failures="0" timestamp="23 Nov 2015 11:29:45 GMT" time="44.495" errors="0">
  <testcase name="sendMessage" time="19.719" classname="com.appium.android.test.AppiumSwitchApp"/>
  <testcase name="deleteContact" time="8.340" classname="com.appium.android.test.AppiumSwitchApp"/>
  <testcase name="addNewContacts" time="16.436" classname="com.appium.android.test.AppiumSwitchApp"/>
</testsuite> <!-- com.appium.android.test.AppiumSwitchApp -->
